<?xml version="1.0" encoding="UTF-8"?>
<testsuite name="ispl.sample.AppSecondTest" tests="1" skipped="0" failures="0" errors="0" timestamp="2018-02-16T08:47:24" hostname="ICPL10260" time="0.016">
  <properties/>
  <testcase name="oneMoreTest" classname="ispl.sample.AppSecondTest" time="0.016"/>
  <system-out><![CDATA[This is a TestNG-Maven based test
]]></system-out>
  <system-err><![CDATA[]]></system-err>
</testsuite>
